<?xml version="1.0" encoding="UTF-8"?>
<testng-results skipped="0" failed="0" ignored="0" total="3" passed="3">
  <reporter-output>
  </reporter-output>
  <suite name="Surefire suite" duration-ms="73" started-at="2020-10-03T18:04:31 COT" finished-at="2020-10-03T18:04:31 COT">
    <groups>
    </groups>
    <test name="Surefire test" duration-ms="73" started-at="2020-10-03T18:04:31 COT" finished-at="2020-10-03T18:04:31 COT">
      <class name="BuscaminasTest">
        <test-method status="PASS" signature="testTime()[pri:0, instance:BuscaminasTest@4cbf4f53]" name="testTime" duration-ms="24" started-at="2020-10-03T18:04:31 COT" finished-at="2020-10-03T18:04:31 COT">
          <reporter-output>
          </reporter-output>
        </test-method> <!-- testTime -->
        <test-method status="PASS" signature="testTime()[pri:0, instance:BuscaminasTest@4cbf4f53]" name="testTime" duration-ms="24" started-at="2020-10-03T18:04:31 COT" finished-at="2020-10-03T18:04:31 COT">
          <reporter-output>
          </reporter-output>
        </test-method> <!-- testTime -->
        <test-method status="PASS" signature="testcaseprueba()[pri:0, instance:BuscaminasTest@4cbf4f53]" name="testcaseprueba" duration-ms="0" started-at="2020-10-03T18:04:31 COT" finished-at="2020-10-03T18:04:31 COT">
          <reporter-output>
          </reporter-output>
        </test-method> <!-- testcaseprueba -->
      </class> <!-- BuscaminasTest -->
    </test> <!-- Surefire test -->
  </suite> <!-- Surefire suite -->
</testng-results>
