<?xml version="1.0" encoding="UTF-8"?>
<testng-results skipped="0" failed="0" ignored="0" total="4" passed="4">
  <reporter-output>
  </reporter-output>
  <suite name="BuscaminasTest" duration-ms="50" started-at="2020-10-01T09:08:23 COT" finished-at="2020-10-01T09:08:23 COT">
    <groups>
    </groups>
    <test name="Command line test" duration-ms="50" started-at="2020-10-01T09:08:23 COT" finished-at="2020-10-01T09:08:23 COT">
      <class name="BuscaminasTest">
        <test-method status="PASS" signature="testCase0()[pri:0, instance:BuscaminasTest@6fb554cc]" name="testCase0" duration-ms="17" started-at="2020-10-01T09:08:23 COT" finished-at="2020-10-01T09:08:23 COT">
          <reporter-output>
          </reporter-output>
        </test-method> <!-- testCase0 -->
        <test-method status="PASS" signature="testCase1()[pri:0, instance:BuscaminasTest@6fb554cc]" name="testCase1" duration-ms="2" started-at="2020-10-01T09:08:23 COT" finished-at="2020-10-01T09:08:23 COT">
          <reporter-output>
          </reporter-output>
        </test-method> <!-- testCase1 -->
        <test-method status="PASS" signature="testCase2()[pri:0, instance:BuscaminasTest@6fb554cc]" name="testCase2" duration-ms="1" started-at="2020-10-01T09:08:23 COT" finished-at="2020-10-01T09:08:23 COT">
          <reporter-output>
          </reporter-output>
        </test-method> <!-- testCase2 -->
        <test-method status="PASS" signature="testCase3()[pri:0, instance:BuscaminasTest@6fb554cc]" name="testCase3" duration-ms="3" started-at="2020-10-01T09:08:23 COT" finished-at="2020-10-01T09:08:23 COT">
          <reporter-output>
          </reporter-output>
        </test-method> <!-- testCase3 -->
      </class> <!-- BuscaminasTest -->
    </test> <!-- Command line test -->
  </suite> <!-- BuscaminasTest -->
</testng-results>
